0 info it worked if it ends with ok
1 verbose cli [ '/Users/baidu/.nvm/versions/node/v5.0.0/bin/node',
1 verbose cli   '/Users/baidu/.nvm/versions/node/v5.0.0/bin/npm',
1 verbose cli   'publish' ]
2 info using npm@3.3.6
3 info using node@v5.0.0
4 verbose publish [ '.' ]
5 silly cache add args [ '.', null ]
6 verbose cache add spec .
7 silly cache add parsed spec Result {
7 silly cache add   raw: '.',
7 silly cache add   scope: null,
7 silly cache add   name: null,
7 silly cache add   rawSpec: '.',
7 silly cache add   spec: '/Users/baidu/source/fis-study/fis3/demo-simple/node_modules/fis-postprocessor-px2rem',
7 silly cache add   type: 'directory' }
8 verbose addLocalDirectory /Users/baidu/.npm/fis-postprocessor-px2rem/1.0.0/package.tgz not in flight; packing
9 info lifecycle fis-postprocessor-px2rem@1.0.0~prepublish: fis-postprocessor-px2rem@1.0.0
10 silly lifecycle fis-postprocessor-px2rem@1.0.0~prepublish: no script for prepublish, continuing
11 verbose tar pack [ '/Users/baidu/.npm/fis-postprocessor-px2rem/1.0.0/package.tgz',
11 verbose tar pack   '/Users/baidu/source/fis-study/fis3/demo-simple/node_modules/fis-postprocessor-px2rem' ]
12 verbose tarball /Users/baidu/.npm/fis-postprocessor-px2rem/1.0.0/package.tgz
13 verbose folder /Users/baidu/source/fis-study/fis3/demo-simple/node_modules/fis-postprocessor-px2rem
14 verbose addLocalTarball adding from inside cache /Users/baidu/.npm/fis-postprocessor-px2rem/1.0.0/package.tgz
15 silly cache afterAdd fis-postprocessor-px2rem@1.0.0
16 verbose afterAdd /Users/baidu/.npm/fis-postprocessor-px2rem/1.0.0/package/package.json not in flight; writing
17 verbose afterAdd /Users/baidu/.npm/fis-postprocessor-px2rem/1.0.0/package/package.json written
18 silly publish { name: 'fis-postprocessor-px2rem',
18 silly publish   version: '1.0.0',
18 silly publish   description: 'a postprocessor for fis to change \'px\' to \'rem\' in stylesheet',
18 silly publish   main: 'index.js',
18 silly publish   scripts: { test: 'echo "Error: no test specified" && exit 1' },
18 silly publish   repository:
18 silly publish    { type: 'git',
18 silly publish      url: 'git+ssh://git@github.com/younth/fis-postprocessor-px2rem.git' },
18 silly publish   keywords: [ 'px2rem', 'rem', 'fis3', 'fis' ],
18 silly publish   dependencies: { px2rem: '~0.4.0' },
18 silly publish   author: { name: 'younth' },
18 silly publish   license: 'ISC',
18 silly publish   bugs: { url: 'https://github.com/younth/fis-postprocessor-px2rem/issues' },
18 silly publish   homepage: 'https://github.com/younth/fis-postprocessor-px2rem#readme',
18 silly publish   readme: '# fis-postprocessor-px2rem\n\na postprocessor for fis to change \'px\' to \'rem\' in stylesheet [postcss/autoprefixer](https://github.com/younth/fis-postprocessor-px2rem)\n\n## Usage\n\nThe raw stylesheet only contains @2x style, and if you\n\n* don\'t intend to transform the original value, eg: 1px border, add `/*no*/` after the declaration\n* intend to use px by force，eg: font-size, add `/*px*/` after the declaration\n\n**Attention: Dealing with SASS or LESS, only `/*...*/` comment can be used, in order to have the comments persisted**\n\n## Install\n* install fis-postprocessor-autoprefixer  \n    `npm install -g fis-postprocessor-px2rem`\n* modify fis-conf.js  \n    ```\n    fis.match(\'*css\', {\n        postprocessor: fis.plugin(\'px2rem\')\n    });\n    ```\n\n### Options\n\n    ```\n    {\n        baseDpr: 2,             // base device pixel ratio (default: 2)\n        threeVersion: false,    // whether to generate @1x, @2x and @3x version (default: false)\n        remVersion: true,       // whether to generate rem version (default: true)\n        remUnit: 75,            // rem unit value (default: 75)\n        remPrecision: 6         // rem precision (default: 6)\n    }\n    ```\n\n### Example\n\n#### Pre processing:\n\nOne raw stylesheet: `test.css`\n\n```\n.selector {\n    width: 150px;\n    height: 64px; /*px*/\n    font-size: 28px; /*px*/\n    border: 1px solid #ddd; /*no*/\n}\n```\n\n#### After processing:\n\nRem version: `test.css`\n\n```\n.selector {\n    width: 2rem;\n    border: 1px solid #ddd;\n}\n[data-dpr="1"] .selector {\n    height: 32px;\n    font-size: 14px;\n}\n[data-dpr="2"] .selector {\n    height: 64px;\n    font-size: 28px;\n}\n[data-dpr="3"] .selector {\n    height: 96px;\n    font-size: 42px;\n}\n```\n\n',
18 silly publish   readmeFilename: 'README.md',
18 silly publish   gitHead: '76312e59f1d2604f80356f4cd2c3d3d1767b1356',
18 silly publish   _id: 'fis-postprocessor-px2rem@1.0.0',
18 silly publish   _shasum: 'bdcdbd78680913921bb379e39be4bc4505b38438',
18 silly publish   _from: '.' }
19 verbose getPublishConfig undefined
20 silly mapToRegistry name fis-postprocessor-px2rem
21 silly mapToRegistry using default registry
22 silly mapToRegistry registry https://registry.npmjs.org/
23 silly mapToRegistry uri https://registry.npmjs.org/fis-postprocessor-px2rem
24 verbose publish registryBase https://registry.npmjs.org/
25 silly publish uploading /Users/baidu/.npm/fis-postprocessor-px2rem/1.0.0/package.tgz
26 verbose request uri https://registry.npmjs.org/fis-postprocessor-px2rem
27 verbose request sending authorization for write operation
28 info attempt registry request try #1 at 16:17:53
29 verbose request using bearer token for auth
30 verbose request id 805d866a45a2b28b
31 http request PUT https://registry.npmjs.org/fis-postprocessor-px2rem
32 http 403 https://registry.npmjs.org/fis-postprocessor-px2rem
33 verbose headers { 'content-type': 'application/json',
33 verbose headers   'cache-control': 'max-age=300',
33 verbose headers   'content-length': '95',
33 verbose headers   'accept-ranges': 'bytes',
33 verbose headers   date: 'Sat, 30 Jan 2016 08:17:51 GMT',
33 verbose headers   via: '1.1 varnish',
33 verbose headers   connection: 'keep-alive',
33 verbose headers   'x-served-by': 'cache-nrt6121-NRT',
33 verbose headers   'x-cache': 'MISS',
33 verbose headers   'x-cache-hits': '0',
33 verbose headers   'x-timer': 'S1454141871.482261,VS0,VE479' }
34 verbose request invalidating /Users/baidu/.npm/registry.npmjs.org/fis-postprocessor-px2rem on PUT
35 error publish Failed PUT 403
36 verbose stack Error: "You cannot publish over the previously published version 1.0.0." : fis-postprocessor-px2rem
36 verbose stack     at makeError (/Users/baidu/.nvm/versions/node/v5.0.0/lib/node_modules/npm/node_modules/npm-registry-client/lib/request.js:264:12)
36 verbose stack     at CachingRegistryClient.<anonymous> (/Users/baidu/.nvm/versions/node/v5.0.0/lib/node_modules/npm/node_modules/npm-registry-client/lib/request.js:252:14)
36 verbose stack     at Request._callback (/Users/baidu/.nvm/versions/node/v5.0.0/lib/node_modules/npm/node_modules/npm-registry-client/lib/request.js:172:14)
36 verbose stack     at Request.self.callback (/Users/baidu/.nvm/versions/node/v5.0.0/lib/node_modules/npm/node_modules/request/request.js:198:22)
36 verbose stack     at emitTwo (events.js:87:13)
36 verbose stack     at Request.emit (events.js:172:7)
36 verbose stack     at Request.<anonymous> (/Users/baidu/.nvm/versions/node/v5.0.0/lib/node_modules/npm/node_modules/request/request.js:1063:14)
36 verbose stack     at emitOne (events.js:82:20)
36 verbose stack     at Request.emit (events.js:169:7)
36 verbose stack     at IncomingMessage.<anonymous> (/Users/baidu/.nvm/versions/node/v5.0.0/lib/node_modules/npm/node_modules/request/request.js:1009:12)
37 verbose statusCode 403
38 verbose pkgid fis-postprocessor-px2rem
39 verbose cwd /Users/baidu/source/fis-study/fis3/demo-simple/node_modules/fis-postprocessor-px2rem
40 error Darwin 14.5.0
41 error argv "/Users/baidu/.nvm/versions/node/v5.0.0/bin/node" "/Users/baidu/.nvm/versions/node/v5.0.0/bin/npm" "publish"
42 error node v5.0.0
43 error npm  v3.3.6
44 error code E403
45 error "You cannot publish over the previously published version 1.0.0." : fis-postprocessor-px2rem
46 error If you need help, you may report this error at:
46 error     <https://github.com/npm/npm/issues>
47 verbose exit [ 1, true ]
